<?xml version="1.0" encoding="UTF-8"?>
<testsuite xmlns:xsi="http://www.w3.org/2001/XMLSchema-instance" xsi:noNamespaceSchemaLocation="https://maven.apache.org/surefire/maven-surefire-plugin/xsd/surefire-test-report.xsd" name="ru.MTUCI.app.EmployeeServiceImplTest" time="0.114" tests="3" errors="0" skipped="0" failures="0">
  <properties>
    <property name="sun.desktop" value="windows"/>
    <property name="awt.toolkit" value="sun.awt.windows.WToolkit"/>
    <property name="file.encoding.pkg" value="sun.io"/>
    <property name="java.specification.version" value="1.8"/>
    <property name="sun.cpu.isalist" value="pentium_pro+mmx pentium_pro pentium+mmx pentium i486 i386 i86"/>
    <property name="sun.jnu.encoding" value="Cp1251"/>
    <property name="java.class.path" value="C:\Users\Olga\Project-Akhatov-back\app\app-impl\target\test-classes;C:\Users\Olga\Project-Akhatov-back\app\app-impl\target\classes;C:\java_maven\m2_repo\org\passay\passay\1.0\passay-1.0.jar;C:\java_maven\m2_repo\org\cryptacular\cryptacular\1.0\cryptacular-1.0.jar;C:\java_maven\m2_repo\org\bouncycastle\bcprov-jdk15on\1.50\bcprov-jdk15on-1.50.jar;C:\Users\Olga\Project-Akhatov-back\app\app-api\target\app-api-CURRENT.jar;C:\Users\Olga\Project-Akhatov-back\domain\target\domain-CURRENT.jar;C:\java_maven\m2_repo\javax\persistence\javax.persistence-api\2.2\javax.persistence-api-2.2.jar;C:\java_maven\m2_repo\org\hibernate\hibernate-core\5.4.12.Final\hibernate-core-5.4.12.Final.jar;C:\java_maven\m2_repo\org\jboss\logging\jboss-logging\3.4.1.Final\jboss-logging-3.4.1.Final.jar;C:\java_maven\m2_repo\org\javassist\javassist\3.24.0-GA\javassist-3.24.0-GA.jar;C:\java_maven\m2_repo\net\bytebuddy\byte-buddy\1.10.8\byte-buddy-1.10.8.jar;C:\java_maven\m2_repo\antlr\antlr\2.7.7\antlr-2.7.7.jar;C:\java_maven\m2_repo\org\jboss\spec\javax\transaction\jboss-transaction-api_1.2_spec\1.1.1.Final\jboss-transaction-api_1.2_spec-1.1.1.Final.jar;C:\java_maven\m2_repo\org\jboss\jandex\2.1.1.Final\jandex-2.1.1.Final.jar;C:\java_maven\m2_repo\com\fasterxml\classmate\1.5.1\classmate-1.5.1.jar;C:\java_maven\m2_repo\javax\activation\javax.activation-api\1.2.0\javax.activation-api-1.2.0.jar;C:\java_maven\m2_repo\org\dom4j\dom4j\2.1.1\dom4j-2.1.1.jar;C:\java_maven\m2_repo\org\hibernate\common\hibernate-commons-annotations\5.1.0.Final\hibernate-commons-annotations-5.1.0.Final.jar;C:\java_maven\m2_repo\javax\xml\bind\jaxb-api\2.3.1\jaxb-api-2.3.1.jar;C:\java_maven\m2_repo\org\glassfish\jaxb\jaxb-runtime\2.3.2\jaxb-runtime-2.3.2.jar;C:\java_maven\m2_repo\jakarta\xml\bind\jakarta.xml.bind-api\2.3.3\jakarta.xml.bind-api-2.3.3.jar;C:\java_maven\m2_repo\org\glassfish\jaxb\txw2\2.3.2\txw2-2.3.2.jar;C:\java_maven\m2_repo\com\sun\istack\istack-commons-runtime\3.0.8\istack-commons-runtime-3.0.8.jar;C:\java_maven\m2_repo\org\jvnet\staxex\stax-ex\1.8.1\stax-ex-1.8.1.jar;C:\java_maven\m2_repo\com\sun\xml\fastinfoset\FastInfoset\1.2.16\FastInfoset-1.2.16.jar;C:\java_maven\m2_repo\com\fasterxml\jackson\core\jackson-annotations\2.10.3\jackson-annotations-2.10.3.jar;C:\java_maven\m2_repo\com\fasterxml\jackson\core\jackson-databind\2.10.3\jackson-databind-2.10.3.jar;C:\java_maven\m2_repo\com\fasterxml\jackson\core\jackson-core\2.10.3\jackson-core-2.10.3.jar;C:\java_maven\m2_repo\com\fasterxml\jackson\datatype\jackson-datatype-jsr310\2.10.3\jackson-datatype-jsr310-2.10.3.jar;C:\java_maven\m2_repo\org\springframework\boot\spring-boot-starter-data-jpa\2.2.6.RELEASE\spring-boot-starter-data-jpa-2.2.6.RELEASE.jar;C:\java_maven\m2_repo\org\springframework\boot\spring-boot-starter-aop\2.2.6.RELEASE\spring-boot-starter-aop-2.2.6.RELEASE.jar;C:\java_maven\m2_repo\org\springframework\boot\spring-boot-starter\2.2.6.RELEASE\spring-boot-starter-2.2.6.RELEASE.jar;C:\java_maven\m2_repo\org\springframework\boot\spring-boot\2.2.6.RELEASE\spring-boot-2.2.6.RELEASE.jar;C:\java_maven\m2_repo\org\springframework\boot\spring-boot-autoconfigure\2.2.6.RELEASE\spring-boot-autoconfigure-2.2.6.RELEASE.jar;C:\java_maven\m2_repo\org\springframework\boot\spring-boot-starter-logging\2.2.6.RELEASE\spring-boot-starter-logging-2.2.6.RELEASE.jar;C:\java_maven\m2_repo\ch\qos\logback\logback-classic\1.2.3\logback-classic-1.2.3.jar;C:\java_maven\m2_repo\ch\qos\logback\logback-core\1.2.3\logback-core-1.2.3.jar;C:\java_maven\m2_repo\org\apache\logging\log4j\log4j-to-slf4j\2.12.1\log4j-to-slf4j-2.12.1.jar;C:\java_maven\m2_repo\jakarta\annotation\jakarta.annotation-api\1.3.5\jakarta.annotation-api-1.3.5.jar;C:\java_maven\m2_repo\org\yaml\snakeyaml\1.25\snakeyaml-1.25.jar;C:\java_maven\m2_repo\org\aspectj\aspectjweaver\1.9.5\aspectjweaver-1.9.5.jar;C:\java_maven\m2_repo\org\springframework\boot\spring-boot-starter-jdbc\2.2.6.RELEASE\spring-boot-starter-jdbc-2.2.6.RELEASE.jar;C:\java_maven\m2_repo\com\zaxxer\HikariCP\3.4.2\HikariCP-3.4.2.jar;C:\java_maven\m2_repo\org\springframework\spring-jdbc\5.2.5.RELEASE\spring-jdbc-5.2.5.RELEASE.jar;C:\java_maven\m2_repo\jakarta\activation\jakarta.activation-api\1.2.2\jakarta.activation-api-1.2.2.jar;C:\java_maven\m2_repo\jakarta\persistence\jakarta.persistence-api\2.2.3\jakarta.persistence-api-2.2.3.jar;C:\java_maven\m2_repo\jakarta\transaction\jakarta.transaction-api\1.3.3\jakarta.transaction-api-1.3.3.jar;C:\java_maven\m2_repo\org\springframework\data\spring-data-jpa\2.2.6.RELEASE\spring-data-jpa-2.2.6.RELEASE.jar;C:\java_maven\m2_repo\org\springframework\data\spring-data-commons\2.2.6.RELEASE\spring-data-commons-2.2.6.RELEASE.jar;C:\java_maven\m2_repo\org\springframework\spring-orm\5.2.5.RELEASE\spring-orm-5.2.5.RELEASE.jar;C:\java_maven\m2_repo\org\springframework\spring-aspects\5.2.5.RELEASE\spring-aspects-5.2.5.RELEASE.jar;C:\Users\Olga\Project-Akhatov-back\adapter\adapter-email\target\adapter-email-CURRENT.jar;C:\java_maven\m2_repo\javax\mail\mail\1.4.7\mail-1.4.7.jar;C:\java_maven\m2_repo\javax\activation\activation\1.1\activation-1.1.jar;C:\java_maven\m2_repo\org\apache\commons\commons-collections4\4.4\commons-collections4-4.4.jar;C:\java_maven\m2_repo\commons-io\commons-io\2.6\commons-io-2.6.jar;C:\Users\Olga\Project-Akhatov-back\adapter\adapter-hibernate\target\adapter-hibernate-CURRENT.jar;C:\java_maven\m2_repo\com\h2database\h2\1.4.200\h2-1.4.200.jar;C:\java_maven\m2_repo\org\flywaydb\flyway-core\6.0.8\flyway-core-6.0.8.jar;C:\java_maven\m2_repo\org\apache\commons\commons-lang3\3.9\commons-lang3-3.9.jar;C:\java_maven\m2_repo\org\springframework\spring-context\5.2.5.RELEASE\spring-context-5.2.5.RELEASE.jar;C:\java_maven\m2_repo\org\springframework\spring-aop\5.2.5.RELEASE\spring-aop-5.2.5.RELEASE.jar;C:\java_maven\m2_repo\org\springframework\spring-beans\5.2.5.RELEASE\spring-beans-5.2.5.RELEASE.jar;C:\java_maven\m2_repo\org\springframework\spring-core\5.2.5.RELEASE\spring-core-5.2.5.RELEASE.jar;C:\java_maven\m2_repo\org\springframework\spring-jcl\5.2.5.RELEASE\spring-jcl-5.2.5.RELEASE.jar;C:\java_maven\m2_repo\org\springframework\spring-expression\5.2.5.RELEASE\spring-expression-5.2.5.RELEASE.jar;C:\java_maven\m2_repo\org\springframework\spring-tx\5.2.5.RELEASE\spring-tx-5.2.5.RELEASE.jar;C:\java_maven\m2_repo\org\springframework\security\spring-security-crypto\5.2.2.RELEASE\spring-security-crypto-5.2.2.RELEASE.jar;C:\java_maven\m2_repo\org\codehaus\groovy\groovy\2.5.10\groovy-2.5.10.jar;C:\java_maven\m2_repo\org\codehaus\groovy\groovy-ant\2.5.10\groovy-ant-2.5.10.jar;C:\java_maven\m2_repo\org\apache\ant\ant\1.9.13\ant-1.9.13.jar;C:\java_maven\m2_repo\org\apache\ant\ant-junit\1.9.13\ant-junit-1.9.13.jar;C:\java_maven\m2_repo\org\apache\ant\ant-launcher\1.9.13\ant-launcher-1.9.13.jar;C:\java_maven\m2_repo\org\apache\ant\ant-antlr\1.9.13\ant-antlr-1.9.13.jar;C:\java_maven\m2_repo\org\codehaus\groovy\groovy-astbuilder\3.0.3\groovy-astbuilder-3.0.3.jar;C:\java_maven\m2_repo\org\codehaus\groovy\groovy-cli-picocli\2.5.10\groovy-cli-picocli-2.5.10.jar;C:\java_maven\m2_repo\info\picocli\picocli\4.0.1\picocli-4.0.1.jar;C:\java_maven\m2_repo\org\codehaus\groovy\groovy-console\2.5.10\groovy-console-2.5.10.jar;C:\java_maven\m2_repo\org\codehaus\groovy\groovy-datetime\2.5.10\groovy-datetime-2.5.10.jar;C:\java_maven\m2_repo\org\codehaus\groovy\groovy-docgenerator\2.5.10\groovy-docgenerator-2.5.10.jar;C:\java_maven\m2_repo\com\thoughtworks\qdox\qdox\1.12.1\qdox-1.12.1.jar;C:\java_maven\m2_repo\org\codehaus\groovy\groovy-groovydoc\2.5.10\groovy-groovydoc-2.5.10.jar;C:\java_maven\m2_repo\org\codehaus\groovy\groovy-groovysh\2.5.10\groovy-groovysh-2.5.10.jar;C:\java_maven\m2_repo\jline\jline\2.14.6\jline-2.14.6.jar;C:\java_maven\m2_repo\org\codehaus\groovy\groovy-jmx\2.5.10\groovy-jmx-2.5.10.jar;C:\java_maven\m2_repo\org\codehaus\groovy\groovy-json\2.5.10\groovy-json-2.5.10.jar;C:\java_maven\m2_repo\org\codehaus\groovy\groovy-jsr223\2.5.10\groovy-jsr223-2.5.10.jar;C:\java_maven\m2_repo\org\codehaus\groovy\groovy-macro\2.5.10\groovy-macro-2.5.10.jar;C:\java_maven\m2_repo\org\codehaus\groovy\groovy-nio\2.5.10\groovy-nio-2.5.10.jar;C:\java_maven\m2_repo\org\codehaus\groovy\groovy-servlet\2.5.10\groovy-servlet-2.5.10.jar;C:\java_maven\m2_repo\org\codehaus\groovy\groovy-sql\2.5.10\groovy-sql-2.5.10.jar;C:\java_maven\m2_repo\org\codehaus\groovy\groovy-swing\2.5.10\groovy-swing-2.5.10.jar;C:\java_maven\m2_repo\org\codehaus\groovy\groovy-templates\2.5.10\groovy-templates-2.5.10.jar;C:\java_maven\m2_repo\org\codehaus\groovy\groovy-test\2.5.10\groovy-test-2.5.10.jar;C:\java_maven\m2_repo\junit\junit\4.12\junit-4.12.jar;C:\java_maven\m2_repo\org\hamcrest\hamcrest-core\2.1\hamcrest-core-2.1.jar;C:\java_maven\m2_repo\org\hamcrest\hamcrest\2.1\hamcrest-2.1.jar;C:\java_maven\m2_repo\org\codehaus\groovy\groovy-test-junit5\2.5.10\groovy-test-junit5-2.5.10.jar;C:\java_maven\m2_repo\org\junit\platform\junit-platform-launcher\1.5.2\junit-platform-launcher-1.5.2.jar;C:\java_maven\m2_repo\org\apiguardian\apiguardian-api\1.1.0\apiguardian-api-1.1.0.jar;C:\java_maven\m2_repo\org\junit\platform\junit-platform-engine\1.5.2\junit-platform-engine-1.5.2.jar;C:\java_maven\m2_repo\org\opentest4j\opentest4j\1.2.0\opentest4j-1.2.0.jar;C:\java_maven\m2_repo\org\junit\platform\junit-platform-commons\1.5.2\junit-platform-commons-1.5.2.jar;C:\java_maven\m2_repo\org\junit\jupiter\junit-jupiter-engine\5.5.2\junit-jupiter-engine-5.5.2.jar;C:\java_maven\m2_repo\org\junit\jupiter\junit-jupiter-api\5.5.2\junit-jupiter-api-5.5.2.jar;C:\java_maven\m2_repo\org\codehaus\groovy\groovy-testng\2.5.10\groovy-testng-2.5.10.jar;C:\java_maven\m2_repo\org\testng\testng\6.13.1\testng-6.13.1.jar;C:\java_maven\m2_repo\com\beust\jcommander\1.72\jcommander-1.72.jar;C:\java_maven\m2_repo\org\codehaus\groovy\groovy-xml\2.5.10\groovy-xml-2.5.10.jar;C:\java_maven\m2_repo\org\apache\poi\poi\4.1.2\poi-4.1.2.jar;C:\java_maven\m2_repo\commons-codec\commons-codec\1.13\commons-codec-1.13.jar;C:\java_maven\m2_repo\org\apache\commons\commons-math3\3.6.1\commons-math3-3.6.1.jar;C:\java_maven\m2_repo\com\zaxxer\SparseBitSet\1.2\SparseBitSet-1.2.jar;C:\java_maven\m2_repo\org\apache\poi\poi-ooxml\4.1.2\poi-ooxml-4.1.2.jar;C:\java_maven\m2_repo\org\apache\poi\poi-ooxml-schemas\4.1.2\poi-ooxml-schemas-4.1.2.jar;C:\java_maven\m2_repo\org\apache\xmlbeans\xmlbeans\3.1.0\xmlbeans-3.1.0.jar;C:\java_maven\m2_repo\org\apache\commons\commons-compress\1.19\commons-compress-1.19.jar;C:\java_maven\m2_repo\com\github\virtuald\curvesapi\1.06\curvesapi-1.06.jar;C:\java_maven\m2_repo\org\camunda\bpm\camunda-engine\7.12.0\camunda-engine-7.12.0.jar;C:\java_maven\m2_repo\org\camunda\bpm\model\camunda-bpmn-model\7.12.0\camunda-bpmn-model-7.12.0.jar;C:\java_maven\m2_repo\org\camunda\bpm\model\camunda-xml-model\7.12.0\camunda-xml-model-7.12.0.jar;C:\java_maven\m2_repo\org\camunda\bpm\model\camunda-cmmn-model\7.12.0\camunda-cmmn-model-7.12.0.jar;C:\java_maven\m2_repo\org\camunda\bpm\dmn\camunda-engine-dmn\7.12.0\camunda-engine-dmn-7.12.0.jar;C:\java_maven\m2_repo\org\camunda\commons\camunda-commons-utils\1.8.2\camunda-commons-utils-1.8.2.jar;C:\java_maven\m2_repo\org\camunda\bpm\model\camunda-dmn-model\7.12.0\camunda-dmn-model-7.12.0.jar;C:\java_maven\m2_repo\org\camunda\bpm\dmn\camunda-engine-feel-api\7.12.0\camunda-engine-feel-api-7.12.0.jar;C:\java_maven\m2_repo\org\camunda\bpm\dmn\camunda-engine-feel-juel\7.12.0\camunda-engine-feel-juel-7.12.0.jar;C:\java_maven\m2_repo\org\camunda\commons\camunda-commons-logging\1.8.2\camunda-commons-logging-1.8.2.jar;C:\java_maven\m2_repo\org\slf4j\slf4j-api\1.7.30\slf4j-api-1.7.30.jar;C:\java_maven\m2_repo\org\camunda\commons\camunda-commons-typed-values\7.12.0\camunda-commons-typed-values-7.12.0.jar;C:\java_maven\m2_repo\org\mybatis\mybatis\3.4.4\mybatis-3.4.4.jar;C:\java_maven\m2_repo\joda-time\joda-time\2.10.5\joda-time-2.10.5.jar;C:\java_maven\m2_repo\com\google\code\gson\gson\2.8.6\gson-2.8.6.jar;C:\java_maven\m2_repo\org\springframework\boot\spring-boot-starter-log4j2\2.2.6.RELEASE\spring-boot-starter-log4j2-2.2.6.RELEASE.jar;C:\java_maven\m2_repo\org\apache\logging\log4j\log4j-slf4j-impl\2.12.1\log4j-slf4j-impl-2.12.1.jar;C:\java_maven\m2_repo\org\apache\logging\log4j\log4j-api\2.12.1\log4j-api-2.12.1.jar;C:\java_maven\m2_repo\org\apache\logging\log4j\log4j-core\2.12.1\log4j-core-2.12.1.jar;C:\java_maven\m2_repo\org\apache\logging\log4j\log4j-jul\2.12.1\log4j-jul-2.12.1.jar;C:\java_maven\m2_repo\org\slf4j\jul-to-slf4j\1.7.30\jul-to-slf4j-1.7.30.jar;C:\java_maven\m2_repo\org\unitils\unitils-easymock\3.4.6\unitils-easymock-3.4.6.jar;C:\java_maven\m2_repo\org\unitils\unitils-core\3.4.6\unitils-core-3.4.6.jar;C:\java_maven\m2_repo\commons-logging\commons-logging\1.1\commons-logging-1.1.jar;C:\java_maven\m2_repo\commons-lang\commons-lang\2.3\commons-lang-2.3.jar;C:\java_maven\m2_repo\commons-collections\commons-collections\3.2\commons-collections-3.2.jar;C:\java_maven\m2_repo\ognl\ognl\2.6.9\ognl-2.6.9.jar;C:\java_maven\m2_repo\org\easymock\easymock\3.2\easymock-3.2.jar;C:\java_maven\m2_repo\cglib\cglib-nodep\2.2.2\cglib-nodep-2.2.2.jar;C:\java_maven\m2_repo\org\objenesis\objenesis\1.3\objenesis-1.3.jar;C:\java_maven\m2_repo\cglib\cglib\2.2\cglib-2.2.jar;C:\java_maven\m2_repo\asm\asm\3.1\asm-3.1.jar;C:\java_maven\m2_repo\org\easymock\easymockclassextension\3.2\easymockclassextension-3.2.jar;C:\java_maven\m2_repo\javax\validation\validation-api\2.0.1.Final\validation-api-2.0.1.Final.jar;"/>
    <property name="java.vm.vendor" value="Oracle Corporation"/>
    <property name="sun.arch.data.model" value="32"/>
    <property name="user.variant" value=""/>
    <property name="java.vendor.url" value="http://java.oracle.com/"/>
    <property name="user.timezone" value=""/>
    <property name="java.vm.specification.version" value="1.8"/>
    <property name="os.name" value="Windows 10"/>
    <property name="user.country" value="RU"/>
    <property name="sun.java.launcher" value="SUN_STANDARD"/>
    <property name="sun.boot.library.path" value="C:\Program Files (x86)\Java\jdk1.8.0_261\jre\bin"/>
    <property name="sun.java.command" value="C:\Users\Olga\AppData\Local\Temp\surefire1023800594384187129\surefirebooter253049166246598784.jar C:\Users\Olga\AppData\Local\Temp\surefire1023800594384187129 2020-10-05T11-18-31_927-jvmRun1 surefire7466847034123567242tmp surefire_04798685774557123274tmp"/>
    <property name="surefire.test.class.path" value="C:\Users\Olga\Project-Akhatov-back\app\app-impl\target\test-classes;C:\Users\Olga\Project-Akhatov-back\app\app-impl\target\classes;C:\java_maven\m2_repo\org\passay\passay\1.0\passay-1.0.jar;C:\java_maven\m2_repo\org\cryptacular\cryptacular\1.0\cryptacular-1.0.jar;C:\java_maven\m2_repo\org\bouncycastle\bcprov-jdk15on\1.50\bcprov-jdk15on-1.50.jar;C:\Users\Olga\Project-Akhatov-back\app\app-api\target\app-api-CURRENT.jar;C:\Users\Olga\Project-Akhatov-back\domain\target\domain-CURRENT.jar;C:\java_maven\m2_repo\javax\persistence\javax.persistence-api\2.2\javax.persistence-api-2.2.jar;C:\java_maven\m2_repo\org\hibernate\hibernate-core\5.4.12.Final\hibernate-core-5.4.12.Final.jar;C:\java_maven\m2_repo\org\jboss\logging\jboss-logging\3.4.1.Final\jboss-logging-3.4.1.Final.jar;C:\java_maven\m2_repo\org\javassist\javassist\3.24.0-GA\javassist-3.24.0-GA.jar;C:\java_maven\m2_repo\net\bytebuddy\byte-buddy\1.10.8\byte-buddy-1.10.8.jar;C:\java_maven\m2_repo\antlr\antlr\2.7.7\antlr-2.7.7.jar;C:\java_maven\m2_repo\org\jboss\spec\javax\transaction\jboss-transaction-api_1.2_spec\1.1.1.Final\jboss-transaction-api_1.2_spec-1.1.1.Final.jar;C:\java_maven\m2_repo\org\jboss\jandex\2.1.1.Final\jandex-2.1.1.Final.jar;C:\java_maven\m2_repo\com\fasterxml\classmate\1.5.1\classmate-1.5.1.jar;C:\java_maven\m2_repo\javax\activation\javax.activation-api\1.2.0\javax.activation-api-1.2.0.jar;C:\java_maven\m2_repo\org\dom4j\dom4j\2.1.1\dom4j-2.1.1.jar;C:\java_maven\m2_repo\org\hibernate\common\hibernate-commons-annotations\5.1.0.Final\hibernate-commons-annotations-5.1.0.Final.jar;C:\java_maven\m2_repo\javax\xml\bind\jaxb-api\2.3.1\jaxb-api-2.3.1.jar;C:\java_maven\m2_repo\org\glassfish\jaxb\jaxb-runtime\2.3.2\jaxb-runtime-2.3.2.jar;C:\java_maven\m2_repo\jakarta\xml\bind\jakarta.xml.bind-api\2.3.3\jakarta.xml.bind-api-2.3.3.jar;C:\java_maven\m2_repo\org\glassfish\jaxb\txw2\2.3.2\txw2-2.3.2.jar;C:\java_maven\m2_repo\com\sun\istack\istack-commons-runtime\3.0.8\istack-commons-runtime-3.0.8.jar;C:\java_maven\m2_repo\org\jvnet\staxex\stax-ex\1.8.1\stax-ex-1.8.1.jar;C:\java_maven\m2_repo\com\sun\xml\fastinfoset\FastInfoset\1.2.16\FastInfoset-1.2.16.jar;C:\java_maven\m2_repo\com\fasterxml\jackson\core\jackson-annotations\2.10.3\jackson-annotations-2.10.3.jar;C:\java_maven\m2_repo\com\fasterxml\jackson\core\jackson-databind\2.10.3\jackson-databind-2.10.3.jar;C:\java_maven\m2_repo\com\fasterxml\jackson\core\jackson-core\2.10.3\jackson-core-2.10.3.jar;C:\java_maven\m2_repo\com\fasterxml\jackson\datatype\jackson-datatype-jsr310\2.10.3\jackson-datatype-jsr310-2.10.3.jar;C:\java_maven\m2_repo\org\springframework\boot\spring-boot-starter-data-jpa\2.2.6.RELEASE\spring-boot-starter-data-jpa-2.2.6.RELEASE.jar;C:\java_maven\m2_repo\org\springframework\boot\spring-boot-starter-aop\2.2.6.RELEASE\spring-boot-starter-aop-2.2.6.RELEASE.jar;C:\java_maven\m2_repo\org\springframework\boot\spring-boot-starter\2.2.6.RELEASE\spring-boot-starter-2.2.6.RELEASE.jar;C:\java_maven\m2_repo\org\springframework\boot\spring-boot\2.2.6.RELEASE\spring-boot-2.2.6.RELEASE.jar;C:\java_maven\m2_repo\org\springframework\boot\spring-boot-autoconfigure\2.2.6.RELEASE\spring-boot-autoconfigure-2.2.6.RELEASE.jar;C:\java_maven\m2_repo\org\springframework\boot\spring-boot-starter-logging\2.2.6.RELEASE\spring-boot-starter-logging-2.2.6.RELEASE.jar;C:\java_maven\m2_repo\ch\qos\logback\logback-classic\1.2.3\logback-classic-1.2.3.jar;C:\java_maven\m2_repo\ch\qos\logback\logback-core\1.2.3\logback-core-1.2.3.jar;C:\java_maven\m2_repo\org\apache\logging\log4j\log4j-to-slf4j\2.12.1\log4j-to-slf4j-2.12.1.jar;C:\java_maven\m2_repo\jakarta\annotation\jakarta.annotation-api\1.3.5\jakarta.annotation-api-1.3.5.jar;C:\java_maven\m2_repo\org\yaml\snakeyaml\1.25\snakeyaml-1.25.jar;C:\java_maven\m2_repo\org\aspectj\aspectjweaver\1.9.5\aspectjweaver-1.9.5.jar;C:\java_maven\m2_repo\org\springframework\boot\spring-boot-starter-jdbc\2.2.6.RELEASE\spring-boot-starter-jdbc-2.2.6.RELEASE.jar;C:\java_maven\m2_repo\com\zaxxer\HikariCP\3.4.2\HikariCP-3.4.2.jar;C:\java_maven\m2_repo\org\springframework\spring-jdbc\5.2.5.RELEASE\spring-jdbc-5.2.5.RELEASE.jar;C:\java_maven\m2_repo\jakarta\activation\jakarta.activation-api\1.2.2\jakarta.activation-api-1.2.2.jar;C:\java_maven\m2_repo\jakarta\persistence\jakarta.persistence-api\2.2.3\jakarta.persistence-api-2.2.3.jar;C:\java_maven\m2_repo\jakarta\transaction\jakarta.transaction-api\1.3.3\jakarta.transaction-api-1.3.3.jar;C:\java_maven\m2_repo\org\springframework\data\spring-data-jpa\2.2.6.RELEASE\spring-data-jpa-2.2.6.RELEASE.jar;C:\java_maven\m2_repo\org\springframework\data\spring-data-commons\2.2.6.RELEASE\spring-data-commons-2.2.6.RELEASE.jar;C:\java_maven\m2_repo\org\springframework\spring-orm\5.2.5.RELEASE\spring-orm-5.2.5.RELEASE.jar;C:\java_maven\m2_repo\org\springframework\spring-aspects\5.2.5.RELEASE\spring-aspects-5.2.5.RELEASE.jar;C:\Users\Olga\Project-Akhatov-back\adapter\adapter-email\target\adapter-email-CURRENT.jar;C:\java_maven\m2_repo\javax\mail\mail\1.4.7\mail-1.4.7.jar;C:\java_maven\m2_repo\javax\activation\activation\1.1\activation-1.1.jar;C:\java_maven\m2_repo\org\apache\commons\commons-collections4\4.4\commons-collections4-4.4.jar;C:\java_maven\m2_repo\commons-io\commons-io\2.6\commons-io-2.6.jar;C:\Users\Olga\Project-Akhatov-back\adapter\adapter-hibernate\target\adapter-hibernate-CURRENT.jar;C:\java_maven\m2_repo\com\h2database\h2\1.4.200\h2-1.4.200.jar;C:\java_maven\m2_repo\org\flywaydb\flyway-core\6.0.8\flyway-core-6.0.8.jar;C:\java_maven\m2_repo\org\apache\commons\commons-lang3\3.9\commons-lang3-3.9.jar;C:\java_maven\m2_repo\org\springframework\spring-context\5.2.5.RELEASE\spring-context-5.2.5.RELEASE.jar;C:\java_maven\m2_repo\org\springframework\spring-aop\5.2.5.RELEASE\spring-aop-5.2.5.RELEASE.jar;C:\java_maven\m2_repo\org\springframework\spring-beans\5.2.5.RELEASE\spring-beans-5.2.5.RELEASE.jar;C:\java_maven\m2_repo\org\springframework\spring-core\5.2.5.RELEASE\spring-core-5.2.5.RELEASE.jar;C:\java_maven\m2_repo\org\springframework\spring-jcl\5.2.5.RELEASE\spring-jcl-5.2.5.RELEASE.jar;C:\java_maven\m2_repo\org\springframework\spring-expression\5.2.5.RELEASE\spring-expression-5.2.5.RELEASE.jar;C:\java_maven\m2_repo\org\springframework\spring-tx\5.2.5.RELEASE\spring-tx-5.2.5.RELEASE.jar;C:\java_maven\m2_repo\org\springframework\security\spring-security-crypto\5.2.2.RELEASE\spring-security-crypto-5.2.2.RELEASE.jar;C:\java_maven\m2_repo\org\codehaus\groovy\groovy\2.5.10\groovy-2.5.10.jar;C:\java_maven\m2_repo\org\codehaus\groovy\groovy-ant\2.5.10\groovy-ant-2.5.10.jar;C:\java_maven\m2_repo\org\apache\ant\ant\1.9.13\ant-1.9.13.jar;C:\java_maven\m2_repo\org\apache\ant\ant-junit\1.9.13\ant-junit-1.9.13.jar;C:\java_maven\m2_repo\org\apache\ant\ant-launcher\1.9.13\ant-launcher-1.9.13.jar;C:\java_maven\m2_repo\org\apache\ant\ant-antlr\1.9.13\ant-antlr-1.9.13.jar;C:\java_maven\m2_repo\org\codehaus\groovy\groovy-astbuilder\3.0.3\groovy-astbuilder-3.0.3.jar;C:\java_maven\m2_repo\org\codehaus\groovy\groovy-cli-picocli\2.5.10\groovy-cli-picocli-2.5.10.jar;C:\java_maven\m2_repo\info\picocli\picocli\4.0.1\picocli-4.0.1.jar;C:\java_maven\m2_repo\org\codehaus\groovy\groovy-console\2.5.10\groovy-console-2.5.10.jar;C:\java_maven\m2_repo\org\codehaus\groovy\groovy-datetime\2.5.10\groovy-datetime-2.5.10.jar;C:\java_maven\m2_repo\org\codehaus\groovy\groovy-docgenerator\2.5.10\groovy-docgenerator-2.5.10.jar;C:\java_maven\m2_repo\com\thoughtworks\qdox\qdox\1.12.1\qdox-1.12.1.jar;C:\java_maven\m2_repo\org\codehaus\groovy\groovy-groovydoc\2.5.10\groovy-groovydoc-2.5.10.jar;C:\java_maven\m2_repo\org\codehaus\groovy\groovy-groovysh\2.5.10\groovy-groovysh-2.5.10.jar;C:\java_maven\m2_repo\jline\jline\2.14.6\jline-2.14.6.jar;C:\java_maven\m2_repo\org\codehaus\groovy\groovy-jmx\2.5.10\groovy-jmx-2.5.10.jar;C:\java_maven\m2_repo\org\codehaus\groovy\groovy-json\2.5.10\groovy-json-2.5.10.jar;C:\java_maven\m2_repo\org\codehaus\groovy\groovy-jsr223\2.5.10\groovy-jsr223-2.5.10.jar;C:\java_maven\m2_repo\org\codehaus\groovy\groovy-macro\2.5.10\groovy-macro-2.5.10.jar;C:\java_maven\m2_repo\org\codehaus\groovy\groovy-nio\2.5.10\groovy-nio-2.5.10.jar;C:\java_maven\m2_repo\org\codehaus\groovy\groovy-servlet\2.5.10\groovy-servlet-2.5.10.jar;C:\java_maven\m2_repo\org\codehaus\groovy\groovy-sql\2.5.10\groovy-sql-2.5.10.jar;C:\java_maven\m2_repo\org\codehaus\groovy\groovy-swing\2.5.10\groovy-swing-2.5.10.jar;C:\java_maven\m2_repo\org\codehaus\groovy\groovy-templates\2.5.10\groovy-templates-2.5.10.jar;C:\java_maven\m2_repo\org\codehaus\groovy\groovy-test\2.5.10\groovy-test-2.5.10.jar;C:\java_maven\m2_repo\junit\junit\4.12\junit-4.12.jar;C:\java_maven\m2_repo\org\hamcrest\hamcrest-core\2.1\hamcrest-core-2.1.jar;C:\java_maven\m2_repo\org\hamcrest\hamcrest\2.1\hamcrest-2.1.jar;C:\java_maven\m2_repo\org\codehaus\groovy\groovy-test-junit5\2.5.10\groovy-test-junit5-2.5.10.jar;C:\java_maven\m2_repo\org\junit\platform\junit-platform-launcher\1.5.2\junit-platform-launcher-1.5.2.jar;C:\java_maven\m2_repo\org\apiguardian\apiguardian-api\1.1.0\apiguardian-api-1.1.0.jar;C:\java_maven\m2_repo\org\junit\platform\junit-platform-engine\1.5.2\junit-platform-engine-1.5.2.jar;C:\java_maven\m2_repo\org\opentest4j\opentest4j\1.2.0\opentest4j-1.2.0.jar;C:\java_maven\m2_repo\org\junit\platform\junit-platform-commons\1.5.2\junit-platform-commons-1.5.2.jar;C:\java_maven\m2_repo\org\junit\jupiter\junit-jupiter-engine\5.5.2\junit-jupiter-engine-5.5.2.jar;C:\java_maven\m2_repo\org\junit\jupiter\junit-jupiter-api\5.5.2\junit-jupiter-api-5.5.2.jar;C:\java_maven\m2_repo\org\codehaus\groovy\groovy-testng\2.5.10\groovy-testng-2.5.10.jar;C:\java_maven\m2_repo\org\testng\testng\6.13.1\testng-6.13.1.jar;C:\java_maven\m2_repo\com\beust\jcommander\1.72\jcommander-1.72.jar;C:\java_maven\m2_repo\org\codehaus\groovy\groovy-xml\2.5.10\groovy-xml-2.5.10.jar;C:\java_maven\m2_repo\org\apache\poi\poi\4.1.2\poi-4.1.2.jar;C:\java_maven\m2_repo\commons-codec\commons-codec\1.13\commons-codec-1.13.jar;C:\java_maven\m2_repo\org\apache\commons\commons-math3\3.6.1\commons-math3-3.6.1.jar;C:\java_maven\m2_repo\com\zaxxer\SparseBitSet\1.2\SparseBitSet-1.2.jar;C:\java_maven\m2_repo\org\apache\poi\poi-ooxml\4.1.2\poi-ooxml-4.1.2.jar;C:\java_maven\m2_repo\org\apache\poi\poi-ooxml-schemas\4.1.2\poi-ooxml-schemas-4.1.2.jar;C:\java_maven\m2_repo\org\apache\xmlbeans\xmlbeans\3.1.0\xmlbeans-3.1.0.jar;C:\java_maven\m2_repo\org\apache\commons\commons-compress\1.19\commons-compress-1.19.jar;C:\java_maven\m2_repo\com\github\virtuald\curvesapi\1.06\curvesapi-1.06.jar;C:\java_maven\m2_repo\org\camunda\bpm\camunda-engine\7.12.0\camunda-engine-7.12.0.jar;C:\java_maven\m2_repo\org\camunda\bpm\model\camunda-bpmn-model\7.12.0\camunda-bpmn-model-7.12.0.jar;C:\java_maven\m2_repo\org\camunda\bpm\model\camunda-xml-model\7.12.0\camunda-xml-model-7.12.0.jar;C:\java_maven\m2_repo\org\camunda\bpm\model\camunda-cmmn-model\7.12.0\camunda-cmmn-model-7.12.0.jar;C:\java_maven\m2_repo\org\camunda\bpm\dmn\camunda-engine-dmn\7.12.0\camunda-engine-dmn-7.12.0.jar;C:\java_maven\m2_repo\org\camunda\commons\camunda-commons-utils\1.8.2\camunda-commons-utils-1.8.2.jar;C:\java_maven\m2_repo\org\camunda\bpm\model\camunda-dmn-model\7.12.0\camunda-dmn-model-7.12.0.jar;C:\java_maven\m2_repo\org\camunda\bpm\dmn\camunda-engine-feel-api\7.12.0\camunda-engine-feel-api-7.12.0.jar;C:\java_maven\m2_repo\org\camunda\bpm\dmn\camunda-engine-feel-juel\7.12.0\camunda-engine-feel-juel-7.12.0.jar;C:\java_maven\m2_repo\org\camunda\commons\camunda-commons-logging\1.8.2\camunda-commons-logging-1.8.2.jar;C:\java_maven\m2_repo\org\slf4j\slf4j-api\1.7.30\slf4j-api-1.7.30.jar;C:\java_maven\m2_repo\org\camunda\commons\camunda-commons-typed-values\7.12.0\camunda-commons-typed-values-7.12.0.jar;C:\java_maven\m2_repo\org\mybatis\mybatis\3.4.4\mybatis-3.4.4.jar;C:\java_maven\m2_repo\joda-time\joda-time\2.10.5\joda-time-2.10.5.jar;C:\java_maven\m2_repo\com\google\code\gson\gson\2.8.6\gson-2.8.6.jar;C:\java_maven\m2_repo\org\springframework\boot\spring-boot-starter-log4j2\2.2.6.RELEASE\spring-boot-starter-log4j2-2.2.6.RELEASE.jar;C:\java_maven\m2_repo\org\apache\logging\log4j\log4j-slf4j-impl\2.12.1\log4j-slf4j-impl-2.12.1.jar;C:\java_maven\m2_repo\org\apache\logging\log4j\log4j-api\2.12.1\log4j-api-2.12.1.jar;C:\java_maven\m2_repo\org\apache\logging\log4j\log4j-core\2.12.1\log4j-core-2.12.1.jar;C:\java_maven\m2_repo\org\apache\logging\log4j\log4j-jul\2.12.1\log4j-jul-2.12.1.jar;C:\java_maven\m2_repo\org\slf4j\jul-to-slf4j\1.7.30\jul-to-slf4j-1.7.30.jar;C:\java_maven\m2_repo\org\unitils\unitils-easymock\3.4.6\unitils-easymock-3.4.6.jar;C:\java_maven\m2_repo\org\unitils\unitils-core\3.4.6\unitils-core-3.4.6.jar;C:\java_maven\m2_repo\commons-logging\commons-logging\1.1\commons-logging-1.1.jar;C:\java_maven\m2_repo\commons-lang\commons-lang\2.3\commons-lang-2.3.jar;C:\java_maven\m2_repo\commons-collections\commons-collections\3.2\commons-collections-3.2.jar;C:\java_maven\m2_repo\ognl\ognl\2.6.9\ognl-2.6.9.jar;C:\java_maven\m2_repo\org\easymock\easymock\3.2\easymock-3.2.jar;C:\java_maven\m2_repo\cglib\cglib-nodep\2.2.2\cglib-nodep-2.2.2.jar;C:\java_maven\m2_repo\org\objenesis\objenesis\1.3\objenesis-1.3.jar;C:\java_maven\m2_repo\cglib\cglib\2.2\cglib-2.2.jar;C:\java_maven\m2_repo\asm\asm\3.1\asm-3.1.jar;C:\java_maven\m2_repo\org\easymock\easymockclassextension\3.2\easymockclassextension-3.2.jar;C:\java_maven\m2_repo\javax\validation\validation-api\2.0.1.Final\validation-api-2.0.1.Final.jar;"/>
    <property name="sun.cpu.endian" value="little"/>
    <property name="user.home" value="C:\Users\Olga"/>
    <property name="user.language" value="ru"/>
    <property name="java.specification.vendor" value="Oracle Corporation"/>
    <property name="java.home" value="C:\Program Files (x86)\Java\jdk1.8.0_261\jre"/>
    <property name="basedir" value="C:\Users\Olga\Project-Akhatov-back\app\app-impl"/>
    <property name="file.separator" value="\"/>
    <property name="line.separator" value="&#10;"/>
    <property name="java.vm.specification.vendor" value="Oracle Corporation"/>
    <property name="java.specification.name" value="Java Platform API Specification"/>
    <property name="java.awt.graphicsenv" value="sun.awt.Win32GraphicsEnvironment"/>
    <property name="surefire.real.class.path" value="C:\Users\Olga\AppData\Local\Temp\surefire1023800594384187129\surefirebooter253049166246598784.jar"/>
    <property name="sun.boot.class.path" value="C:\Program Files (x86)\Java\jdk1.8.0_261\jre\lib\resources.jar;C:\Program Files (x86)\Java\jdk1.8.0_261\jre\lib\rt.jar;C:\Program Files (x86)\Java\jdk1.8.0_261\jre\lib\sunrsasign.jar;C:\Program Files (x86)\Java\jdk1.8.0_261\jre\lib\jsse.jar;C:\Program Files (x86)\Java\jdk1.8.0_261\jre\lib\jce.jar;C:\Program Files (x86)\Java\jdk1.8.0_261\jre\lib\charsets.jar;C:\Program Files (x86)\Java\jdk1.8.0_261\jre\lib\jfr.jar;C:\Program Files (x86)\Java\jdk1.8.0_261\jre\classes"/>
    <property name="user.script" value=""/>
    <property name="sun.management.compiler" value="HotSpot Client Compiler"/>
    <property name="java.runtime.version" value="1.8.0_261-b12"/>
    <property name="user.name" value="Olga"/>
    <property name="path.separator" value=";"/>
    <property name="os.version" value="10.0"/>
    <property name="java.endorsed.dirs" value="C:\Program Files (x86)\Java\jdk1.8.0_261\jre\lib\endorsed"/>
    <property name="java.runtime.name" value="Java(TM) SE Runtime Environment"/>
    <property name="file.encoding" value="Cp1251"/>
    <property name="java.vm.name" value="Java HotSpot(TM) Client VM"/>
    <property name="localRepository" value="C:\java_maven\m2_repo"/>
    <property name="java.vendor.url.bug" value="http://bugreport.sun.com/bugreport/"/>
    <property name="java.io.tmpdir" value="C:\Users\Olga\AppData\Local\Temp\"/>
    <property name="idea.version" value="2020.2"/>
    <property name="java.version" value="1.8.0_261"/>
    <property name="user.dir" value="C:\Users\Olga\Project-Akhatov-back\app\app-impl"/>
    <property name="os.arch" value="x86"/>
    <property name="java.vm.specification.name" value="Java Virtual Machine Specification"/>
    <property name="java.awt.printerjob" value="sun.awt.windows.WPrinterJob"/>
    <property name="sun.os.patch.level" value=""/>
    <property name="java.library.path" value="C:\Program Files (x86)\Java\jdk1.8.0_261\jre\bin;C:\WINDOWS\Sun\Java\bin;C:\WINDOWS\system32;C:\WINDOWS;C:\Program Files (x86)\Common Files\Oracle\Java\javapath;C:\app\Olga\product\18.0.0\dbhomeXE\bin;C:\ProgramData\Oracle\Java\javapath;C:\Windows\system32;C:\Windows;C:\Windows\System32\Wbem;C:\Windows\System32\WindowsPowerShell\v1.0\;C:\Program Files (x86)\NVIDIA Corporation\PhysX\Common;C:\WINDOWS\system32;C:\WINDOWS;C:\WINDOWS\System32\Wbem;C:\WINDOWS\System32\WindowsPowerShell\v1.0\;C:\WINDOWS\System32\OpenSSH\;C:\Program Files (x86)\Microsoft SQL Server\100\Tools\Binn\;C:\Program Files\Microsoft SQL Server\100\Tools\Binn\;C:\Program Files\Microsoft SQL Server\100\DTS\Binn\;C:\open\opencv\build\x64\vc12\bin;C:\Program Files\Git\cmd;C:\Users\Olga\1;C:\Program Files\PostgreSQL\10\bin;C:\Program Files\dotnet\;C:\Program Files\Microsoft SQL Server\130\Tools\Binn\;C:\Program Files\Microsoft SQL Server\Client SDK\ODBC\170\Tools\Binn\;C:\ProgramData\chocolatey\bin;C:\Users\Olga\AppData\Local\Microsoft\WindowsApps;C:\Users\Olga\AppData\Roaming\Python\Python37\Scripts;C:\Users\Olga\AppData\Local\Programs\Microsoft VS Code\bin;C:\ProgramData\Microsoft\Windows\Start Menu\Programs\Oracle - OraDB18Home1\Application Development\SQL Plus.lnk;C:\Program Files (x86)\Java\jdk1.8.0_261\bin;C:\java_maven\apache-maven-3.6.3\bin;C:\Program Files\Git\bin;C:\nodeJS\node-v11.7.0-win-x86\node_modules\npm\bin;C:\dop_java\flyway-6.5.3;C:\node-v11.7.0-win-x64\node-v11.7.0-win-x64;;."/>
    <property name="java.vm.info" value="mixed mode, sharing"/>
    <property name="java.vendor" value="Oracle Corporation"/>
    <property name="java.vm.version" value="25.261-b12"/>
    <property name="java.ext.dirs" value="C:\Program Files (x86)\Java\jdk1.8.0_261\jre\lib\ext;C:\WINDOWS\Sun\Java\lib\ext"/>
    <property name="sun.io.unicode.encoding" value="UnicodeLittle"/>
    <property name="java.class.version" value="52.0"/>
  </properties>
  <testcase name="getMapCountOfEmployeesByRole" classname="ru.MTUCI.app.EmployeeServiceImplTest" time="0.094"/>
  <testcase name="getEmployeesAndTheirRoles" classname="ru.MTUCI.app.EmployeeServiceImplTest" time="0.015"/>
  <testcase name="getNumberOfAdmins" classname="ru.MTUCI.app.EmployeeServiceImplTest" time="0.001"/>
</testsuite>